{"level":"error","message":"No se ha podido acceder a /"}
{"level":"error","message":"No se ha podido acceder a /favicon.ico"}
{"level":"error","message":"Error al autenticar al usuario"}
{"level":"error","message":"Error al autenticar al usuario"}
{"level":"error","message":"Error al autenticar al usuario"}
{"level":"error","message":"No se ha podido acceder a /"}
{"level":"error","message":"Error al autenticar al usuario"}
{"level":"error","message":"No se ha podido acceder a /api/auth/login"}
{"level":"error","message":"No se ha podido acceder a /api/auth/login"}
{"level":"error","message":"No se ha podido acceder a /api/auth/login"}
{"level":"error","message":"No se ha podido acceder a /api/auth/login"}
{"level":"error","message":"No se ha podido acceder a /api/users%0A"}
{"level":"error","message":"No se ha podido acceder a /api/user"}
{"level":"error","message":"No se ha podido acceder a /api/user"}
{"level":"error","message":"Error: Error al autenticar al usuario"}
{"level":"error","message":"Error: Error al autenticar al usuario"}
{"level":"error","message":"Error: Error al autenticar al usuario"}
{"level":"error","message":"Error: No se ha podido acceder a /favicon.ico"}
{"level":"error","message":"Error: Acceso denegado, no hay token"}
{"level":"error","message":"Error: Acceso denegado, no hay token"}
{"level":"error","message":"Error: Acceso denegado, no hay token"}
{"level":"error","message":"Error: Acceso denegado, no hay token"}
{"level":"error","message":"Error: Acceso denegado, no hay token"}
{"level":"error","message":"Error: Acceso denegado, no hay token"}
{"level":"error","message":"Error: Acceso denegado, no hay token"}
{"level":"error","message":"Error: Acceso denegado, no hay token"}
{"level":"error","message":"Error: No se ha podido acceder a /api/contactos"}
{"level":"error","message":"Error: No se ha podido acceder a /api/contactos"}
{"level":"error","message":"Error: No se ha podido acceder a /api/contactos"}
{"level":"error","message":"Error: No se ha podido acceder a /api/contactos"}
{"level":"error","message":"Error: No se ha podido acceder a /api/contactos"}
{"level":"error","message":"Error: No se ha podido acceder a /api/contactos"}
{"level":"error","message":"Error: No se ha podido acceder a /api/contactos"}
{"level":"error","message":"Error: No se ha podido acceder a /api/contactos"}
{"level":"error","message":"Error: No se ha podido acceder a /api/contactos"}
{"level":"error","message":"Error: No se ha podido acceder a /api/contactos"}
{"level":"error","message":"Error: No se ha podido acceder a /api/contactos"}
{"level":"error","message":"Error: No se ha podido acceder a /api/contactos"}
{"level":"error","message":"Error: No se ha podido acceder a /api/contactos"}
{"level":"error","message":"Error: No se ha podido acceder a /api/contactos"}
{"level":"error","message":"Error: No se ha podido acceder a /api/contactos"}
{"level":"error","message":"Error: No se ha podido acceder a /api/contactos"}
{"level":"error","message":"Error: No se ha podido acceder a /api/contactos"}
{"level":"error","message":"Error: No se ha podido acceder a /api/contactos"}
{"level":"error","message":"Error: No se ha podido acceder a /api/contactos"}
{"level":"error","message":"Error: No se ha podido acceder a /api/contactos"}
{"level":"error","message":"Error: No se ha podido acceder a /api/contactos"}
{"level":"error","message":"Error: No se ha podido acceder a /api/contactos"}
{"level":"error","message":"Error: No se ha podido acceder a /api/contactos"}
{"level":"error","message":"Error: No se ha podido acceder a /api/contactos"}
{"level":"error","message":"Error: No se ha podido acceder a /api/contactos"}
{"level":"error","message":"Error: No se ha podido acceder a /api/contactos"}
{"level":"error","message":"Error: No se ha podido acceder a /api/contactos"}
{"level":"error","message":"Error: No se ha podido acceder a /api/contactos"}
{"level":"error","message":"Error: No se ha podido acceder a /api/contactos"}
{"level":"error","message":"Error: Token inválido"}
{"level":"error","message":"Error: Token inválido"}
{"level":"error","message":"Error: Token inválido"}
{"level":"error","message":"Error: Acceso denegado, no hay token"}
{"level":"error","message":"Error: Acceso denegado, no hay token"}
{"level":"error","message":"Error: Acceso denegado, no hay token"}
{"level":"error","message":"Error: Acceso denegado, no hay token"}
{"level":"error","message":"Error: Acceso denegado, no hay token"}
{"level":"error","message":"Error: Acceso denegado, no hay token"}
{"level":"error","message":"Error: Acceso denegado, no hay token"}
{"level":"error","message":"Error: Acceso denegado, no hay token"}
{"level":"error","message":"Error: No se ha podido acceder a /api/expenses/$%7Bid%7D/pay"}
{"level":"error","message":"Error: Acceso denegado, no hay token"}
{"level":"error","message":"Error: Acceso denegado, no hay token"}
{"level":"error","message":"Error: Acceso denegado, no hay token"}
{"level":"error","message":"Error: Acceso denegado, no hay token"}
{"level":"error","message":"Error: Acceso denegado, no hay token"}
{"level":"error","message":"Error: Acceso denegado, no hay token"}
{"level":"error","message":"Error: Acceso denegado, no hay token"}
{"level":"error","message":"Error: Acceso denegado, no hay token"}
{"level":"error","message":"Error: Acceso denegado, no hay token"}
{"level":"error","message":"Error: Acceso denegado, no hay token"}
{"level":"error","message":"Error: Acceso denegado, no hay token"}
{"level":"error","message":"Error: Acceso denegado, no hay token"}
{"level":"error","message":"Error: Acceso denegado, no hay token"}
{"level":"error","message":"Error: Acceso denegado, no hay token"}
{"level":"error","message":"Error: Acceso denegado, no hay token"}
{"level":"error","message":"Error: Acceso denegado, no hay token"}
{"level":"error","message":"Error: Acceso denegado, no hay token"}
{"level":"error","message":"Error: Acceso denegado, no hay token"}
{"level":"error","message":"Error: Acceso denegado, no hay token"}
{"level":"error","message":"Error: Acceso denegado, no hay token"}
{"level":"error","message":"Error: No se pudieron obtener los contactos"}
{"level":"error","message":"Error: No se pudieron obtener los contactos"}
{"level":"error","message":"Error: Acceso denegado, no hay token"}
{"level":"error","message":"Error: No se pudieron obtener los contactos"}
{"level":"error","message":"Error: No se pudieron obtener los contactos"}
{"level":"error","message":"Error: No se pudieron obtener los contactos"}
{"level":"error","message":"Error: No se pudieron obtener los contactos"}
{"level":"error","message":"Error: No se pudieron obtener los contactos"}
{"level":"error","message":"Error: No se pudieron obtener los contactos"}
{"level":"error","message":"Error: No se pudieron obtener los contactos"}
{"level":"error","message":"Error: No se pudieron obtener los contactos"}
{"level":"error","message":"Error: No se pudieron obtener los contactos"}
{"level":"error","message":"Error: No se pudieron obtener los contactos"}
{"level":"error","message":"Error: Acceso denegado, no hay token"}
{"level":"error","message":"Error: Acceso denegado, no hay token"}
{"level":"error","message":"Error: Token inválido"}
{"level":"error","message":"Error: Token inválido"}
{"level":"error","message":"Error: No se ha podido acceder a /api/contactos"}
{"level":"error","message":"Error: No se ha podido acceder a /api/contactos"}
{"level":"error","message":"Error: No se ha podido acceder a /api/contactos"}
{"level":"error","message":"Error: No se ha podido acceder a /api/contactos"}
{"level":"error","message":"Error: No se ha podido acceder a /api/contactos"}
{"level":"error","message":"Error: No se ha podido acceder a /api/contactos"}
{"level":"error","message":"Error: No se ha podido acceder a /api/contactos"}
{"level":"error","message":"Error: No se ha podido acceder a /api/contactos"}
{"level":"error","message":"Error: No se ha podido acceder a /api/contactos"}
{"level":"error","message":"Error: No se ha podido acceder a /api/contactos"}
{"level":"error","message":"Error: No se ha podido acceder a /api/contactos"}
{"level":"error","message":"Error: No se ha podido acceder a /api/contactos"}
{"level":"error","message":"Error: No se ha podido acceder a /api/contactos"}
{"level":"error","message":"Error: No se ha podido acceder a /api/contactos"}
{"level":"error","message":"Error: No se ha podido acceder a /api/contactos"}
{"level":"error","message":"Error: No se ha podido acceder a /api/contactos"}
{"level":"error","message":"Error: No se ha podido acceder a /api/contactos"}
{"level":"error","message":"Error: No se ha podido acceder a /api/contactos"}
{"level":"error","message":"Error: No se ha podido acceder a /api/contactos"}
{"level":"error","message":"Error: Token inválido"}
{"level":"error","message":"Error: Token inválido"}
{"level":"error","message":"Error: Token inválido"}
{"level":"error","message":"Error: Token inválido"}
{"level":"error","message":"Error: Token inválido"}
{"level":"error","message":"Error: Token inválido"}
{"level":"error","message":"Error: Token inválido"}
{"level":"error","message":"Error: No se ha podido acceder a /api/contact"}
{"level":"error","message":"Error: Acceso denegado, no hay token"}
{"level":"error","message":"Error: Token inválido"}
{"level":"error","message":"Error: Token inválido"}
{"level":"error","message":"Error: Token inválido"}
{"level":"error","message":"Error: Token inválido"}
{"level":"error","message":"Error: Token inválido"}
{"level":"error","message":"Error: Token inválido"}
{"level":"error","message":"Error: Token inválido"}
{"level":"error","message":"Error: Token inválido"}
{"level":"error","message":"Error: Token inválido"}
{"level":"error","message":"Error: Token inválido"}
{"level":"error","message":"Error: Token inválido"}
{"level":"error","message":"Error: Token inválido"}
{"level":"error","message":"Error: Token inválido"}
{"level":"error","message":"Error: Token inválido"}
{"level":"error","message":"Error: No se ha podido acceder a /favicon.ico"}
{"level":"error","message":"Error: Acceso denegado, no hay token"}
{"level":"error","message":"Error: Acceso denegado, no hay token"}
{"level":"error","message":"Error: Acceso denegado, no hay token"}
{"level":"error","message":"Error: Acceso denegado, no hay token"}
{"level":"error","message":"Error: Acceso denegado, no hay token"}
{"level":"error","message":"Error: Acceso denegado, no hay token"}
{"level":"error","message":"Error: Acceso denegado, no hay token"}
{"level":"error","message":"Error: Acceso denegado, no hay token"}
{"level":"error","message":"Error: Acceso denegado, no hay token"}
{"level":"error","message":"Error: Acceso denegado, no hay token"}
{"level":"error","message":"Error: Acceso denegado, no hay token"}
